<?xml version="1.0" encoding="UTF-8"?>
<!-- Generated by org.testng.reporters.JUnitXMLReporter -->
<testsuite ignored="0" hostname="PoojaAbhay" failures="1" tests="14" name="Tutorials Ninja Test cases" time="168.376" errors="0" timestamp="2023-07-09T23:55:57 EDT">
  <testcase classname="com.tutorialsninja.qa.testcases.LoginTest" name="Verifylogingwithvalidcredentials" time="0.893"/>
  <testcase classname="com.tutorialsninja.qa.testcases.LoginTest" name="Verifylogingwithvalidcredentials" time="0.878"/>
  <testcase classname="com.tutorialsninja.qa.testcases.LoginTest" name="Verifylogingwithvalidcredentials" time="0.862"/>
  <testcase classname="com.tutorialsninja.qa.testcases.LoginTest" name="VerifylogingwithInvalidcredentials" time="0.557"/>
  <testcase classname="com.tutorialsninja.qa.testcases.LoginTest" name="VerifylogingwithInvalidEmailValidPassword" time="0.553"/>
  <testcase classname="com.tutorialsninja.qa.testcases.LoginTest" name="VerifylogingwithValidEmailInvalidPassword" time="0.613"/>
  <testcase classname="com.tutorialsninja.qa.testcases.LoginTest" name="VerifylogingwithoutCredentials" time="0.564"/>
  <testcase classname="com.tutorialsninja.qa.testcases.SearchTest" name="VerifySearchwithExistingProductName" time="0.903"/>
  <testcase classname="com.tutorialsninja.qa.testcases.SearchTest" name="VerifySearchwithInvalidProductName" time="0.542"/>
  <testcase classname="com.tutorialsninja.qa.testcases.SearchTest" name="VerifySearchwithoutProductName" time="0.434"/>
  <testcase classname="com.tutorialsninja.qa.testcases.RegisterTest" name="VerifyRegisterwithMandatoryField" time="1.242"/>
  <testcase classname="com.tutorialsninja.qa.testcases.RegisterTest" name="VerifyRegisterwithAllField" time="1.132">
    <failure type="org.openqa.selenium.NoSuchSessionException" message="Session ID is null. Using WebDriver after calling quit()?
Build info: version: &amp;apos;4.10.0&amp;apos;, revision: &amp;apos;c14d967899&amp;apos;
System info: os.name: &amp;apos;Windows 11&amp;apos;, os.arch: &amp;apos;amd64&amp;apos;, os.version: &amp;apos;10.0&amp;apos;, java.version: &amp;apos;17.0.7&amp;apos;
Driver info: org.openqa.selenium.chrome.ChromeDriver
Command: [null, findElement {using=xpath, value=//ul[@class=&amp;quot;breadcrumb&amp;quot;]//a[text()=&amp;quot;Success&amp;quot;]}]
Capabilities {acceptInsecureCerts: false, browserName: chrome, browserVersion: 114.0.5735.199, chrome: {chromedriverVersion: 114.0.5735.90 (386bc09e8f4f..., userDataDir: C:\Users\visit\AppData\Loca...}, goog:chromeOptions: {debuggerAddress: localhost:55980}, networkConnectionEnabled: false, pageLoadStrategy: normal, platformName: windows, proxy: Proxy(), se:cdp: ws://localhost:55980/devtoo..., se:cdpVersion: 114.0.5735.199, setWindowRect: true, strictFileInteractability: false, timeouts: {implicit: 0, pageLoad: 300000, script: 30000}, unhandledPromptBehavior: dismiss and notify, webauthn:extension:credBlob: true, webauthn:extension:largeBlob: true, webauthn:extension:minPinLength: true, webauthn:extension:prf: true, webauthn:virtualAuthenticators: true}">
      <![CDATA[org.openqa.selenium.NoSuchSessionException: Session ID is null. Using WebDriver after calling quit()?
Build info: version: '4.10.0', revision: 'c14d967899'
System info: os.name: 'Windows 11', os.arch: 'amd64', os.version: '10.0', java.version: '17.0.7'
Driver info: org.openqa.selenium.chrome.ChromeDriver
Command: [null, findElement {using=xpath, value=//ul[@class="breadcrumb"]//a[text()="Success"]}]
Capabilities {acceptInsecureCerts: false, browserName: chrome, browserVersion: 114.0.5735.199, chrome: {chromedriverVersion: 114.0.5735.90 (386bc09e8f4f..., userDataDir: C:\Users\visit\AppData\Loca...}, goog:chromeOptions: {debuggerAddress: localhost:55980}, networkConnectionEnabled: false, pageLoadStrategy: normal, platformName: windows, proxy: Proxy(), se:cdp: ws://localhost:55980/devtoo..., se:cdpVersion: 114.0.5735.199, setWindowRect: true, strictFileInteractability: false, timeouts: {implicit: 0, pageLoad: 300000, script: 30000}, unhandledPromptBehavior: dismiss and notify, webauthn:extension:credBlob: true, webauthn:extension:largeBlob: true, webauthn:extension:minPinLength: true, webauthn:extension:prf: true, webauthn:virtualAuthenticators: true}
at org.openqa.selenium.remote.HttpCommandExecutor.execute(HttpCommandExecutor.java:152)
at org.openqa.selenium.remote.service.DriverCommandExecutor.invokeExecute(DriverCommandExecutor.java:196)
at org.openqa.selenium.remote.service.DriverCommandExecutor.execute(DriverCommandExecutor.java:171)
at org.openqa.selenium.remote.RemoteWebDriver.execute(RemoteWebDriver.java:531)
at org.openqa.selenium.remote.ElementLocation$ElementFinder$2.findElement(ElementLocation.java:165)
at org.openqa.selenium.remote.ElementLocation.findElement(ElementLocation.java:59)
at org.openqa.selenium.remote.RemoteWebDriver.findElement(RemoteWebDriver.java:350)
at org.openqa.selenium.remote.RemoteWebDriver.findElement(RemoteWebDriver.java:344)
at org.openqa.selenium.support.pagefactory.DefaultElementLocator.findElement(DefaultElementLocator.java:68)
at org.openqa.selenium.support.pagefactory.internal.LocatingElementHandler.invoke(LocatingElementHandler.java:38)
at jdk.proxy2/jdk.proxy2.$Proxy18.isDisplayed(Unknown Source)
at com.tutorialsninja.qa.pages.AccountPage.accountCreatedmessage(AccountPage.java:28)
at com.tutorialsninja.qa.testcases.RegisterTest.VerifyRegisterwithAllField(RegisterTest.java:83)
at java.base/java.util.ArrayList.forEach(ArrayList.java:1511)
... Removed 27 stack frames]]>
    </failure>
  </testcase> <!-- VerifyRegisterwithAllField -->
  <testcase classname="com.tutorialsninja.qa.testcases.RegisterTest" name="VerifyRegisterwithDuplicateEmail" time="0.0">
    <skipped/>
  </testcase> <!-- VerifyRegisterwithDuplicateEmail -->
  <testcase classname="com.tutorialsninja.qa.testcases.RegisterTest" name="VerifyRegisterwithoutField" time="0.501"/>
</testsuite> <!-- Tutorials Ninja Test cases -->
